2020-04-09 16:13:26.645 [http-nio-8080-exec-1] WARN  org.springframework.web.servlet.PageNotFound - No mapping for GET /app/api/test
2020-04-09 16:13:26.977 [http-nio-8080-exec-2] WARN  org.springframework.web.servlet.PageNotFound - No mapping for GET /favicon.ico
2020-04-09 16:19:25.198 [restartedMain] WARN  o.s.b.w.s.c.AnnotationConfigServletWebServerApplicationContext - Exception encountered during context initialization - cancelling refresh attempt: org.springframework.beans.factory.BeanCreationException: Error creating bean with name 'loginApi': Injection of resource dependencies failed; nested exception is org.springframework.beans.factory.NoSuchBeanDefinitionException: No qualifying bean of type 'com.dm.system.service.IUserService' available: expected at least 1 bean which qualifies as autowire candidate. Dependency annotations: {@javax.annotation.Resource(shareable=true, lookup=, name=, description=, authenticationType=CONTAINER, type=class java.lang.Object, mappedName=)}
2020-04-09 16:19:32.828 [http-nio-8080-exec-2] WARN  org.springframework.web.servlet.PageNotFound - No mapping for GET /login
2020-04-09 16:19:36.657 [http-nio-8080-exec-1] WARN  org.springframework.web.servlet.PageNotFound - No mapping for GET /login
2020-04-09 16:20:15.447 [http-nio-8080-exec-3] WARN  org.springframework.web.servlet.PageNotFound - No mapping for GET /login
2020-04-09 16:20:16.485 [http-nio-8080-exec-4] WARN  org.springframework.web.servlet.PageNotFound - No mapping for GET /login
2020-04-09 16:20:17.523 [http-nio-8080-exec-5] WARN  org.springframework.web.servlet.PageNotFound - No mapping for GET /login
2020-04-09 16:20:23.691 [http-nio-8080-exec-6] WARN  org.springframework.web.servlet.PageNotFound - No mapping for GET /login
2020-04-09 16:20:53.300 [http-nio-8080-exec-1] WARN  com.dm.api.system.LoginApi - 进入登录.....
2020-04-09 16:21:02.589 [http-nio-8080-exec-2] WARN  com.dm.api.system.LoginApi - 进入登录.....
2020-04-09 16:21:12.827 [http-nio-8080-exec-3] WARN  com.dm.api.system.LoginApi - 进入登录.....
2020-04-09 16:23:46.328 [http-nio-8080-exec-4] WARN  com.dm.api.system.LoginApi - 进入登录.....
2020-04-09 16:24:27.194 [http-nio-8080-exec-5] WARN  com.dm.api.system.LoginApi - 进入登录.....
2020-04-09 16:24:33.564 [http-nio-8080-exec-6] WARN  com.dm.api.system.LoginApi - 进入登录.....
2020-04-09 16:24:34.437 [http-nio-8080-exec-7] WARN  com.dm.api.system.LoginApi - 进入登录.....
2020-04-09 16:24:34.972 [http-nio-8080-exec-8] WARN  com.dm.api.system.LoginApi - 进入登录.....
2020-04-09 16:24:41.758 [http-nio-8080-exec-9] WARN  com.dm.api.system.LoginApi - 进入登录.....
2020-04-09 16:24:51.676 [http-nio-8080-exec-10] WARN  com.dm.api.system.LoginApi - 进入登录.....
2020-04-09 16:24:59.132 [http-nio-8080-exec-1] WARN  com.dm.api.system.LoginApi - 进入登录.....
2020-04-09 16:25:20.652 [http-nio-8080-exec-2] WARN  com.dm.api.system.LoginApi - 进入登录.....
2020-04-09 16:25:58.259 [http-nio-8080-exec-3] WARN  com.dm.api.system.LoginApi - 进入登录.....
2020-04-09 16:26:47.196 [http-nio-8080-exec-4] WARN  com.dm.api.system.LoginApi - 进入登录.....
2020-04-09 16:37:33.898 [http-nio-8080-exec-1] WARN  com.dm.api.system.LoginApi - 进入登录.....
2020-04-09 16:37:43.854 [http-nio-8080-exec-2] WARN  com.dm.api.system.LoginApi - 进入登录.....
2020-04-09 16:37:46.607 [http-nio-8080-exec-3] WARN  com.dm.api.system.LoginApi - 进入登录.....
2020-04-09 16:43:19.829 [restartedMain] WARN  o.s.b.w.s.c.AnnotationConfigServletWebServerApplicationContext - Exception encountered during context initialization - cancelling refresh attempt: org.springframework.beans.factory.BeanCreationException: Error creating bean with name 'loginApi': Injection of resource dependencies failed; nested exception is org.springframework.beans.factory.NoSuchBeanDefinitionException: No qualifying bean of type 'com.dm.system.service.IUserService' available: expected at least 1 bean which qualifies as autowire candidate. Dependency annotations: {@javax.annotation.Resource(shareable=true, lookup=, name=, description=, authenticationType=CONTAINER, type=class java.lang.Object, mappedName=)}
2020-04-09 16:44:22.976 [http-nio-8080-exec-1] WARN  com.dm.api.system.LoginApi - 进入登录.....
2020-04-09 17:04:13.460 [http-nio-8080-exec-1] WARN  org.springframework.web.servlet.PageNotFound - No mapping for GET /user/userList5
2020-04-09 17:04:31.409 [http-nio-8080-exec-2] WARN  org.springframework.web.servlet.PageNotFound - No mapping for GET /test3
2020-04-09 17:08:12.764 [http-nio-8080-exec-5] WARN  org.springframework.web.servlet.PageNotFound - No mapping for GET /test3
2020-04-09 17:09:52.583 [http-nio-8080-exec-7] WARN  org.springframework.web.servlet.PageNotFound - No mapping for GET /test3
2020-04-09 17:15:34.364 [http-nio-8080-exec-9] WARN  org.springframework.web.servlet.PageNotFound - No mapping for GET /test3
2020-04-09 17:15:39.606 [http-nio-8080-exec-10] WARN  org.springframework.web.servlet.PageNotFound - No mapping for GET /test3
2020-04-09 17:18:19.487 [http-nio-8080-exec-1] WARN  org.springframework.web.servlet.PageNotFound - No mapping for GET /test3
2020-04-09 17:18:24.889 [http-nio-8080-exec-2] WARN  org.springframework.web.servlet.PageNotFound - No mapping for GET /test3
2020-04-09 17:18:56.466 [http-nio-8080-exec-3] WARN  org.springframework.web.servlet.PageNotFound - No mapping for POST /test3
2020-04-09 17:18:59.630 [http-nio-8080-exec-4] WARN  org.springframework.web.servlet.PageNotFound - No mapping for POST /test3
2020-04-09 17:19:00.997 [http-nio-8080-exec-5] WARN  org.springframework.web.servlet.PageNotFound - No mapping for POST /test3
2020-04-09 17:20:01.383 [http-nio-8080-exec-1] WARN  org.springframework.web.servlet.PageNotFound - No mapping for POST /test3
2020-04-09 17:24:16.742 [http-nio-8080-exec-1] WARN  org.springframework.web.servlet.PageNotFound - No mapping for POST /test3
2020-04-09 17:31:07.238 [http-nio-8080-exec-4] WARN  org.springframework.web.servlet.PageNotFound - No mapping for GET /app/api/test
2020-04-09 17:35:07.860 [http-nio-8080-exec-5] WARN  org.springframework.web.servlet.PageNotFound - No mapping for GET /app/api/test/v3
